<?xml version="1.0" encoding="UTF-8"?>
<coverage generated="1607600282918" clover="3.2.0">
  <project timestamp="1607600282919" name="All files">
    <metrics statements="8" coveredstatements="6" conditionals="4" coveredconditionals="4" methods="2" coveredmethods="1" elements="14" coveredelements="11" complexity="0" loc="8" ncloc="8" packages="1" files="1" classes="1"/>
    <file name="helpers.js" path="/Users/jorgeguevara_16/Development/Ehb/Dev5/Taak/emotionlogger/api/src/utils/helpers.js">
      <metrics statements="8" coveredstatements="6" conditionals="4" coveredconditionals="4" methods="2" coveredmethods="1"/>
      <line num="1" count="1" type="stmt"/>
      <line num="3" count="1" type="stmt"/>
      <line num="5" count="0" type="stmt"/>
      <line num="6" count="0" type="stmt"/>
      <line num="18" count="3" type="cond" truecount="4" falsecount="0"/>
      <line num="19" count="2" type="stmt"/>
      <line num="21" count="1" type="stmt"/>
      <line num="26" count="1" type="stmt"/>
    </file>
  </project>
</coverage>
