{"/Users/jorgeguevara_16/Development/Ehb/Dev5/Taak/emotionlogger/api/src/server.js": {"path":"/Users/jorgeguevara_16/Development/Ehb/Dev5/Taak/emotionlogger/api/src/server.js","statementMap":{"0":{"start":{"line":1,"column":16},"end":{"line":1,"column":34}},"1":{"start":{"line":2,"column":19},"end":{"line":2,"column":41}},"2":{"start":{"line":3,"column":13},"end":{"line":3,"column":28}},"3":{"start":{"line":4,"column":16},"end":{"line":4,"column":45}},"4":{"start":{"line":6,"column":11},"end":{"line":6,"column":44}},"5":{"start":{"line":8,"column":13},"end":{"line":8,"column":17}},"6":{"start":{"line":10,"column":12},"end":{"line":10,"column":21}},"7":{"start":{"line":11,"column":0},"end":{"line":11,"column":17}},"8":{"start":{"line":13,"column":0},"end":{"line":13,"column":27}},"9":{"start":{"line":14,"column":0},"end":{"line":19,"column":2}},"10":{"start":{"line":21,"column":0},"end":{"line":26,"column":3}},"11":{"start":{"line":22,"column":2},"end":{"line":24,"column":3}},"12":{"start":{"line":23,"column":4},"end":{"line":23,"column":24}},"13":{"start":{"line":25,"column":2},"end":{"line":25,"column":25}},"14":{"start":{"line":28,"column":0},"end":{"line":35,"column":3}},"15":{"start":{"line":29,"column":2},"end":{"line":33,"column":3}},"16":{"start":{"line":32,"column":4},"end":{"line":32,"column":24}},"17":{"start":{"line":34,"column":2},"end":{"line":34,"column":25}},"18":{"start":{"line":38,"column":0},"end":{"line":45,"column":3}},"19":{"start":{"line":39,"column":17},"end":{"line":41,"column":23}},"20":{"start":{"line":42,"column":2},"end":{"line":44,"column":5}},"21":{"start":{"line":47,"column":0},"end":{"line":63,"column":3}},"22":{"start":{"line":48,"column":2},"end":{"line":62,"column":3}},"23":{"start":{"line":49,"column":17},"end":{"line":49,"column":39}},"24":{"start":{"line":51,"column":19},"end":{"line":57,"column":8}},"25":{"start":{"line":56,"column":8},"end":{"line":56,"column":19}},"26":{"start":{"line":59,"column":4},"end":{"line":59,"column":21}},"27":{"start":{"line":61,"column":4},"end":{"line":61,"column":27}},"28":{"start":{"line":65,"column":0},"end":{"line":70,"column":3}},"29":{"start":{"line":66,"column":17},"end":{"line":66,"column":79}},"30":{"start":{"line":67,"column":2},"end":{"line":69,"column":5}},"31":{"start":{"line":72,"column":0},"end":{"line":84,"column":3}},"32":{"start":{"line":73,"column":15},"end":{"line":73,"column":37}},"33":{"start":{"line":75,"column":17},"end":{"line":81,"column":6}},"34":{"start":{"line":80,"column":6},"end":{"line":80,"column":17}},"35":{"start":{"line":83,"column":2},"end":{"line":83,"column":19}},"36":{"start":{"line":86,"column":0},"end":{"line":94,"column":3}},"37":{"start":{"line":87,"column":17},"end":{"line":90,"column":37}},"38":{"start":{"line":91,"column":2},"end":{"line":93,"column":5}},"39":{"start":{"line":96,"column":0},"end":{"line":96,"column":21}}},"fnMap":{"0":{"name":"(anonymous_0)","decl":{"start":{"line":21,"column":17},"end":{"line":21,"column":18}},"loc":{"start":{"line":21,"column":31},"end":{"line":26,"column":1}},"line":21},"1":{"name":"(anonymous_1)","decl":{"start":{"line":28,"column":18},"end":{"line":28,"column":19}},"loc":{"start":{"line":28,"column":32},"end":{"line":35,"column":1}},"line":28},"2":{"name":"(anonymous_2)","decl":{"start":{"line":38,"column":23},"end":{"line":38,"column":24}},"loc":{"start":{"line":38,"column":43},"end":{"line":45,"column":1}},"line":38},"3":{"name":"(anonymous_3)","decl":{"start":{"line":47,"column":24},"end":{"line":47,"column":25}},"loc":{"start":{"line":47,"column":44},"end":{"line":63,"column":1}},"line":47},"4":{"name":"(anonymous_4)","decl":{"start":{"line":55,"column":12},"end":{"line":55,"column":13}},"loc":{"start":{"line":55,"column":21},"end":{"line":57,"column":7}},"line":55},"5":{"name":"(anonymous_5)","decl":{"start":{"line":65,"column":13},"end":{"line":65,"column":14}},"loc":{"start":{"line":65,"column":33},"end":{"line":70,"column":1}},"line":65},"6":{"name":"(anonymous_6)","decl":{"start":{"line":72,"column":19},"end":{"line":72,"column":20}},"loc":{"start":{"line":72,"column":39},"end":{"line":84,"column":1}},"line":72},"7":{"name":"(anonymous_7)","decl":{"start":{"line":79,"column":10},"end":{"line":79,"column":11}},"loc":{"start":{"line":79,"column":19},"end":{"line":81,"column":5}},"line":79},"8":{"name":"(anonymous_8)","decl":{"start":{"line":86,"column":24},"end":{"line":86,"column":25}},"loc":{"start":{"line":86,"column":44},"end":{"line":94,"column":1}},"line":86}},"branchMap":{"0":{"loc":{"start":{"line":22,"column":2},"end":{"line":24,"column":3}},"type":"if","locations":[{"start":{"line":22,"column":2},"end":{"line":24,"column":3}},{"start":{"line":22,"column":2},"end":{"line":24,"column":3}}],"line":22},"1":{"loc":{"start":{"line":29,"column":2},"end":{"line":33,"column":3}},"type":"if","locations":[{"start":{"line":29,"column":2},"end":{"line":33,"column":3}},{"start":{"line":29,"column":2},"end":{"line":33,"column":3}}],"line":29},"2":{"loc":{"start":{"line":48,"column":2},"end":{"line":62,"column":3}},"type":"if","locations":[{"start":{"line":48,"column":2},"end":{"line":62,"column":3}},{"start":{"line":48,"column":2},"end":{"line":62,"column":3}}],"line":48}},"s":{"0":1,"1":1,"2":1,"3":1,"4":1,"5":1,"6":1,"7":1,"8":1,"9":1,"10":1,"11":2,"12":1,"13":2,"14":1,"15":2,"16":1,"17":2,"18":1,"19":3,"20":3,"21":1,"22":2,"23":1,"24":1,"25":1,"26":1,"27":1,"28":1,"29":0,"30":0,"31":1,"32":0,"33":0,"34":0,"35":0,"36":1,"37":0,"38":0,"39":1},"f":{"0":2,"1":2,"2":3,"3":2,"4":1,"5":0,"6":0,"7":0,"8":0},"b":{"0":[1,1],"1":[1,1],"2":[1,1]},"_coverageSchema":"1a1c01bbd47fc00a2c39e90264f33305004495a9","hash":"c28822e69e672b81fbee30c24947654d1aa5788c"}
,"/Users/jorgeguevara_16/Development/Ehb/Dev5/Taak/emotionlogger/api/src/utils/DatabaseHelper.js": {"path":"/Users/jorgeguevara_16/Development/Ehb/Dev5/Taak/emotionlogger/api/src/utils/DatabaseHelper.js","statementMap":{"0":{"start":{"line":1,"column":11},"end":{"line":8,"column":2}},"1":{"start":{"line":11,"column":2},"end":{"line":32,"column":5}},"2":{"start":{"line":12,"column":4},"end":{"line":31,"column":5}},"3":{"start":{"line":13,"column":6},"end":{"line":24,"column":11}},"4":{"start":{"line":15,"column":10},"end":{"line":15,"column":29}},"5":{"start":{"line":16,"column":10},"end":{"line":16,"column":29}},"6":{"start":{"line":17,"column":10},"end":{"line":17,"column":34}},"7":{"start":{"line":18,"column":10},"end":{"line":18,"column":35}},"8":{"start":{"line":19,"column":10},"end":{"line":19,"column":33}},"9":{"start":{"line":20,"column":10},"end":{"line":20,"column":39}},"10":{"start":{"line":23,"column":10},"end":{"line":23,"column":50}},"11":{"start":{"line":33,"column":2},"end":{"line":53,"column":5}},"12":{"start":{"line":34,"column":4},"end":{"line":52,"column":5}},"13":{"start":{"line":35,"column":6},"end":{"line":51,"column":11}},"14":{"start":{"line":37,"column":10},"end":{"line":37,"column":29}},"15":{"start":{"line":38,"column":10},"end":{"line":38,"column":29}},"16":{"start":{"line":39,"column":10},"end":{"line":39,"column":32}},"17":{"start":{"line":40,"column":10},"end":{"line":40,"column":34}},"18":{"start":{"line":41,"column":10},"end":{"line":41,"column":39}},"19":{"start":{"line":44,"column":10},"end":{"line":44,"column":45}},"20":{"start":{"line":45,"column":10},"end":{"line":50,"column":11}},"21":{"start":{"line":45,"column":23},"end":{"line":45,"column":24}},"22":{"start":{"line":46,"column":25},"end":{"line":46,"column":47}},"23":{"start":{"line":47,"column":12},"end":{"line":49,"column":69}},"24":{"start":{"line":55,"column":0},"end":{"line":55,"column":19}},"25":{"start":{"line":57,"column":0},"end":{"line":57,"column":20}}},"fnMap":{"0":{"name":"initialiseTables","decl":{"start":{"line":10,"column":15},"end":{"line":10,"column":31}},"loc":{"start":{"line":10,"column":34},"end":{"line":54,"column":1}},"line":10},"1":{"name":"(anonymous_1)","decl":{"start":{"line":11,"column":46},"end":{"line":11,"column":47}},"loc":{"start":{"line":11,"column":64},"end":{"line":32,"column":3}},"line":11},"2":{"name":"(anonymous_2)","decl":{"start":{"line":14,"column":35},"end":{"line":14,"column":36}},"loc":{"start":{"line":14,"column":46},"end":{"line":21,"column":9}},"line":14},"3":{"name":"(anonymous_3)","decl":{"start":{"line":22,"column":14},"end":{"line":22,"column":15}},"loc":{"start":{"line":22,"column":26},"end":{"line":24,"column":9}},"line":22},"4":{"name":"(anonymous_4)","decl":{"start":{"line":33,"column":41},"end":{"line":33,"column":42}},"loc":{"start":{"line":33,"column":59},"end":{"line":53,"column":3}},"line":33},"5":{"name":"(anonymous_5)","decl":{"start":{"line":36,"column":30},"end":{"line":36,"column":31}},"loc":{"start":{"line":36,"column":41},"end":{"line":42,"column":9}},"line":36},"6":{"name":"(anonymous_6)","decl":{"start":{"line":43,"column":14},"end":{"line":43,"column":15}},"loc":{"start":{"line":43,"column":26},"end":{"line":51,"column":9}},"line":43}},"branchMap":{"0":{"loc":{"start":{"line":5,"column":14},"end":{"line":7,"column":54}},"type":"cond-expr","locations":[{"start":{"line":6,"column":6},"end":{"line":6,"column":38}},{"start":{"line":7,"column":6},"end":{"line":7,"column":54}}],"line":5},"1":{"loc":{"start":{"line":12,"column":4},"end":{"line":31,"column":5}},"type":"if","locations":[{"start":{"line":12,"column":4},"end":{"line":31,"column":5}},{"start":{"line":12,"column":4},"end":{"line":31,"column":5}}],"line":12},"2":{"loc":{"start":{"line":34,"column":4},"end":{"line":52,"column":5}},"type":"if","locations":[{"start":{"line":34,"column":4},"end":{"line":52,"column":5}},{"start":{"line":34,"column":4},"end":{"line":52,"column":5}}],"line":34}},"s":{"0":1,"1":1,"2":1,"3":0,"4":0,"5":0,"6":0,"7":0,"8":0,"9":0,"10":0,"11":1,"12":1,"13":0,"14":0,"15":0,"16":0,"17":0,"18":0,"19":0,"20":0,"21":0,"22":0,"23":0,"24":1,"25":1},"f":{"0":1,"1":1,"2":0,"3":0,"4":1,"5":0,"6":0},"b":{"0":[0,1],"1":[0,1],"2":[0,1]},"_coverageSchema":"1a1c01bbd47fc00a2c39e90264f33305004495a9","hash":"6ceeb0ebe4819e52d3e0b3e620cb72b5f151a4f7"}
,"/Users/jorgeguevara_16/Development/Ehb/Dev5/Taak/emotionlogger/api/src/utils/helpers.js": {"path":"/Users/jorgeguevara_16/Development/Ehb/Dev5/Taak/emotionlogger/api/src/utils/helpers.js","statementMap":{"0":{"start":{"line":1,"column":23},"end":{"line":1,"column":38}},"1":{"start":{"line":3,"column":16},"end":{"line":24,"column":1}},"2":{"start":{"line":5,"column":17},"end":{"line":5,"column":25}},"3":{"start":{"line":6,"column":4},"end":{"line":6,"column":16}},"4":{"start":{"line":18,"column":4},"end":{"line":22,"column":5}},"5":{"start":{"line":19,"column":6},"end":{"line":19,"column":15}},"6":{"start":{"line":21,"column":6},"end":{"line":21,"column":12}},"7":{"start":{"line":26,"column":0},"end":{"line":26,"column":25}}},"fnMap":{"0":{"name":"(anonymous_0)","decl":{"start":{"line":4,"column":16},"end":{"line":4,"column":17}},"loc":{"start":{"line":4,"column":22},"end":{"line":7,"column":3}},"line":4},"1":{"name":"(anonymous_1)","decl":{"start":{"line":17,"column":17},"end":{"line":17,"column":18}},"loc":{"start":{"line":17,"column":24},"end":{"line":23,"column":3}},"line":17}},"branchMap":{"0":{"loc":{"start":{"line":18,"column":4},"end":{"line":22,"column":5}},"type":"if","locations":[{"start":{"line":18,"column":4},"end":{"line":22,"column":5}},{"start":{"line":18,"column":4},"end":{"line":22,"column":5}}],"line":18},"1":{"loc":{"start":{"line":18,"column":8},"end":{"line":18,"column":47}},"type":"binary-expr","locations":[{"start":{"line":18,"column":8},"end":{"line":18,"column":22}},{"start":{"line":18,"column":26},"end":{"line":18,"column":47}}],"line":18}},"s":{"0":2,"1":2,"2":1,"3":1,"4":3,"5":2,"6":1,"7":2},"f":{"0":1,"1":3},"b":{"0":[2,1],"1":[3,2]},"_coverageSchema":"1a1c01bbd47fc00a2c39e90264f33305004495a9","hash":"20d6762db1e9315017330894375c16e5a937d4ef"}
}
