{"/Users/jorgeguevara_16/Development/Ehb/Dev5/Taak/emotionlogger/api/src/server.js": {"path":"/Users/jorgeguevara_16/Development/Ehb/Dev5/Taak/emotionlogger/api/src/server.js","statementMap":{"0":{"start":{"line":1,"column":16},"end":{"line":1,"column":34}},"1":{"start":{"line":2,"column":19},"end":{"line":2,"column":41}},"2":{"start":{"line":3,"column":13},"end":{"line":3,"column":28}},"3":{"start":{"line":4,"column":16},"end":{"line":4,"column":45}},"4":{"start":{"line":6,"column":11},"end":{"line":6,"column":44}},"5":{"start":{"line":8,"column":13},"end":{"line":8,"column":17}},"6":{"start":{"line":10,"column":12},"end":{"line":10,"column":21}},"7":{"start":{"line":11,"column":0},"end":{"line":11,"column":17}},"8":{"start":{"line":13,"column":0},"end":{"line":13,"column":27}},"9":{"start":{"line":14,"column":0},"end":{"line":19,"column":2}},"10":{"start":{"line":21,"column":0},"end":{"line":26,"column":3}},"11":{"start":{"line":22,"column":2},"end":{"line":24,"column":3}},"12":{"start":{"line":23,"column":4},"end":{"line":23,"column":24}},"13":{"start":{"line":25,"column":2},"end":{"line":25,"column":25}},"14":{"start":{"line":28,"column":0},"end":{"line":35,"column":3}},"15":{"start":{"line":29,"column":2},"end":{"line":33,"column":3}},"16":{"start":{"line":32,"column":4},"end":{"line":32,"column":24}},"17":{"start":{"line":34,"column":2},"end":{"line":34,"column":25}},"18":{"start":{"line":38,"column":0},"end":{"line":45,"column":3}},"19":{"start":{"line":39,"column":17},"end":{"line":41,"column":23}},"20":{"start":{"line":42,"column":2},"end":{"line":44,"column":5}},"21":{"start":{"line":47,"column":0},"end":{"line":63,"column":3}},"22":{"start":{"line":48,"column":2},"end":{"line":62,"column":3}},"23":{"start":{"line":49,"column":17},"end":{"line":49,"column":39}},"24":{"start":{"line":51,"column":19},"end":{"line":57,"column":8}},"25":{"start":{"line":56,"column":8},"end":{"line":56,"column":19}},"26":{"start":{"line":58,"column":4},"end":{"line":58,"column":24}},"27":{"start":{"line":59,"column":4},"end":{"line":59,"column":21}},"28":{"start":{"line":61,"column":4},"end":{"line":61,"column":27}},"29":{"start":{"line":66,"column":0},"end":{"line":73,"column":3}},"30":{"start":{"line":67,"column":17},"end":{"line":69,"column":21}},"31":{"start":{"line":70,"column":2},"end":{"line":72,"column":5}},"32":{"start":{"line":78,"column":0},"end":{"line":89,"column":3}},"33":{"start":{"line":79,"column":15},"end":{"line":79,"column":37}},"34":{"start":{"line":80,"column":17},"end":{"line":86,"column":6}},"35":{"start":{"line":85,"column":6},"end":{"line":85,"column":17}},"36":{"start":{"line":88,"column":2},"end":{"line":88,"column":19}},"37":{"start":{"line":92,"column":0},"end":{"line":112,"column":3}},"38":{"start":{"line":93,"column":15},"end":{"line":93,"column":37}},"39":{"start":{"line":94,"column":17},"end":{"line":109,"column":6}},"40":{"start":{"line":108,"column":6},"end":{"line":108,"column":17}},"41":{"start":{"line":111,"column":2},"end":{"line":111,"column":19}},"42":{"start":{"line":114,"column":0},"end":{"line":126,"column":3}},"43":{"start":{"line":115,"column":15},"end":{"line":115,"column":37}},"44":{"start":{"line":117,"column":17},"end":{"line":123,"column":6}},"45":{"start":{"line":122,"column":6},"end":{"line":122,"column":17}},"46":{"start":{"line":125,"column":2},"end":{"line":125,"column":19}},"47":{"start":{"line":142,"column":0},"end":{"line":150,"column":3}},"48":{"start":{"line":143,"column":17},"end":{"line":146,"column":37}},"49":{"start":{"line":147,"column":2},"end":{"line":149,"column":5}},"50":{"start":{"line":152,"column":0},"end":{"line":152,"column":21}}},"fnMap":{"0":{"name":"(anonymous_0)","decl":{"start":{"line":21,"column":17},"end":{"line":21,"column":18}},"loc":{"start":{"line":21,"column":31},"end":{"line":26,"column":1}},"line":21},"1":{"name":"(anonymous_1)","decl":{"start":{"line":28,"column":18},"end":{"line":28,"column":19}},"loc":{"start":{"line":28,"column":32},"end":{"line":35,"column":1}},"line":28},"2":{"name":"(anonymous_2)","decl":{"start":{"line":38,"column":23},"end":{"line":38,"column":24}},"loc":{"start":{"line":38,"column":43},"end":{"line":45,"column":1}},"line":38},"3":{"name":"(anonymous_3)","decl":{"start":{"line":47,"column":24},"end":{"line":47,"column":25}},"loc":{"start":{"line":47,"column":44},"end":{"line":63,"column":1}},"line":47},"4":{"name":"(anonymous_4)","decl":{"start":{"line":55,"column":12},"end":{"line":55,"column":13}},"loc":{"start":{"line":55,"column":21},"end":{"line":57,"column":7}},"line":55},"5":{"name":"(anonymous_5)","decl":{"start":{"line":66,"column":13},"end":{"line":66,"column":14}},"loc":{"start":{"line":66,"column":33},"end":{"line":73,"column":1}},"line":66},"6":{"name":"(anonymous_6)","decl":{"start":{"line":78,"column":24},"end":{"line":78,"column":25}},"loc":{"start":{"line":78,"column":44},"end":{"line":89,"column":1}},"line":78},"7":{"name":"(anonymous_7)","decl":{"start":{"line":84,"column":10},"end":{"line":84,"column":11}},"loc":{"start":{"line":84,"column":19},"end":{"line":86,"column":5}},"line":84},"8":{"name":"(anonymous_8)","decl":{"start":{"line":92,"column":24},"end":{"line":92,"column":25}},"loc":{"start":{"line":92,"column":44},"end":{"line":112,"column":1}},"line":92},"9":{"name":"(anonymous_9)","decl":{"start":{"line":107,"column":10},"end":{"line":107,"column":11}},"loc":{"start":{"line":107,"column":19},"end":{"line":109,"column":5}},"line":107},"10":{"name":"(anonymous_10)","decl":{"start":{"line":114,"column":19},"end":{"line":114,"column":20}},"loc":{"start":{"line":114,"column":39},"end":{"line":126,"column":1}},"line":114},"11":{"name":"(anonymous_11)","decl":{"start":{"line":121,"column":10},"end":{"line":121,"column":11}},"loc":{"start":{"line":121,"column":19},"end":{"line":123,"column":5}},"line":121},"12":{"name":"(anonymous_12)","decl":{"start":{"line":142,"column":24},"end":{"line":142,"column":25}},"loc":{"start":{"line":142,"column":44},"end":{"line":150,"column":1}},"line":142}},"branchMap":{"0":{"loc":{"start":{"line":22,"column":2},"end":{"line":24,"column":3}},"type":"if","locations":[{"start":{"line":22,"column":2},"end":{"line":24,"column":3}},{"start":{"line":22,"column":2},"end":{"line":24,"column":3}}],"line":22},"1":{"loc":{"start":{"line":29,"column":2},"end":{"line":33,"column":3}},"type":"if","locations":[{"start":{"line":29,"column":2},"end":{"line":33,"column":3}},{"start":{"line":29,"column":2},"end":{"line":33,"column":3}}],"line":29},"2":{"loc":{"start":{"line":48,"column":2},"end":{"line":62,"column":3}},"type":"if","locations":[{"start":{"line":48,"column":2},"end":{"line":62,"column":3}},{"start":{"line":48,"column":2},"end":{"line":62,"column":3}}],"line":48}},"s":{"0":1,"1":1,"2":1,"3":1,"4":1,"5":1,"6":1,"7":1,"8":1,"9":1,"10":1,"11":2,"12":1,"13":2,"14":1,"15":2,"16":1,"17":2,"18":1,"19":3,"20":3,"21":1,"22":2,"23":1,"24":1,"25":1,"26":1,"27":1,"28":1,"29":1,"30":0,"31":0,"32":1,"33":0,"34":0,"35":0,"36":0,"37":1,"38":0,"39":0,"40":0,"41":0,"42":1,"43":0,"44":0,"45":0,"46":0,"47":1,"48":0,"49":0,"50":1},"f":{"0":2,"1":2,"2":3,"3":2,"4":1,"5":0,"6":0,"7":0,"8":0,"9":0,"10":0,"11":0,"12":0},"b":{"0":[1,1],"1":[1,1],"2":[1,1]},"_coverageSchema":"1a1c01bbd47fc00a2c39e90264f33305004495a9","hash":"b7f31c0aadfd627a63bb46edab6d6391862b67f5"}
,"/Users/jorgeguevara_16/Development/Ehb/Dev5/Taak/emotionlogger/api/src/utils/DatabaseHelper.js": {"path":"/Users/jorgeguevara_16/Development/Ehb/Dev5/Taak/emotionlogger/api/src/utils/DatabaseHelper.js","statementMap":{"0":{"start":{"line":1,"column":16},"end":{"line":1,"column":36}},"1":{"start":{"line":3,"column":11},"end":{"line":10,"column":2}},"2":{"start":{"line":13,"column":2},"end":{"line":33,"column":5}},"3":{"start":{"line":14,"column":4},"end":{"line":26,"column":5}},"4":{"start":{"line":15,"column":6},"end":{"line":25,"column":11}},"5":{"start":{"line":17,"column":10},"end":{"line":17,"column":29}},"6":{"start":{"line":18,"column":10},"end":{"line":18,"column":29}},"7":{"start":{"line":19,"column":10},"end":{"line":19,"column":34}},"8":{"start":{"line":20,"column":10},"end":{"line":20,"column":38}},"9":{"start":{"line":21,"column":10},"end":{"line":21,"column":39}},"10":{"start":{"line":24,"column":10},"end":{"line":24,"column":48}},"11":{"start":{"line":35,"column":2},"end":{"line":64,"column":5}},"12":{"start":{"line":36,"column":4},"end":{"line":63,"column":5}},"13":{"start":{"line":37,"column":6},"end":{"line":62,"column":11}},"14":{"start":{"line":39,"column":10},"end":{"line":39,"column":29}},"15":{"start":{"line":40,"column":10},"end":{"line":40,"column":29}},"16":{"start":{"line":41,"column":10},"end":{"line":41,"column":35}},"17":{"start":{"line":42,"column":10},"end":{"line":42,"column":39}},"18":{"start":{"line":45,"column":10},"end":{"line":45,"column":52}},"19":{"start":{"line":46,"column":23},"end":{"line":46,"column":45}},"20":{"start":{"line":47,"column":10},"end":{"line":47,"column":49}},"21":{"start":{"line":49,"column":10},"end":{"line":54,"column":13}},"22":{"start":{"line":68,"column":2},"end":{"line":89,"column":5}},"23":{"start":{"line":69,"column":4},"end":{"line":88,"column":5}},"24":{"start":{"line":70,"column":6},"end":{"line":81,"column":11}},"25":{"start":{"line":72,"column":10},"end":{"line":72,"column":29}},"26":{"start":{"line":73,"column":10},"end":{"line":73,"column":29}},"27":{"start":{"line":74,"column":10},"end":{"line":74,"column":34}},"28":{"start":{"line":75,"column":10},"end":{"line":75,"column":35}},"29":{"start":{"line":76,"column":10},"end":{"line":76,"column":33}},"30":{"start":{"line":77,"column":10},"end":{"line":77,"column":39}},"31":{"start":{"line":80,"column":10},"end":{"line":80,"column":50}},"32":{"start":{"line":90,"column":2},"end":{"line":110,"column":5}},"33":{"start":{"line":91,"column":4},"end":{"line":109,"column":5}},"34":{"start":{"line":92,"column":6},"end":{"line":108,"column":11}},"35":{"start":{"line":94,"column":10},"end":{"line":94,"column":29}},"36":{"start":{"line":95,"column":10},"end":{"line":95,"column":29}},"37":{"start":{"line":96,"column":10},"end":{"line":96,"column":32}},"38":{"start":{"line":97,"column":10},"end":{"line":97,"column":34}},"39":{"start":{"line":98,"column":10},"end":{"line":98,"column":39}},"40":{"start":{"line":101,"column":10},"end":{"line":101,"column":45}},"41":{"start":{"line":102,"column":10},"end":{"line":107,"column":11}},"42":{"start":{"line":102,"column":23},"end":{"line":102,"column":24}},"43":{"start":{"line":103,"column":25},"end":{"line":103,"column":47}},"44":{"start":{"line":104,"column":12},"end":{"line":106,"column":69}},"45":{"start":{"line":112,"column":0},"end":{"line":112,"column":19}},"46":{"start":{"line":114,"column":0},"end":{"line":114,"column":20}}},"fnMap":{"0":{"name":"initialiseTables","decl":{"start":{"line":12,"column":15},"end":{"line":12,"column":31}},"loc":{"start":{"line":12,"column":34},"end":{"line":111,"column":1}},"line":12},"1":{"name":"(anonymous_1)","decl":{"start":{"line":13,"column":44},"end":{"line":13,"column":45}},"loc":{"start":{"line":13,"column":62},"end":{"line":33,"column":3}},"line":13},"2":{"name":"(anonymous_2)","decl":{"start":{"line":16,"column":33},"end":{"line":16,"column":34}},"loc":{"start":{"line":16,"column":44},"end":{"line":22,"column":9}},"line":16},"3":{"name":"(anonymous_3)","decl":{"start":{"line":23,"column":14},"end":{"line":23,"column":15}},"loc":{"start":{"line":23,"column":26},"end":{"line":25,"column":9}},"line":23},"4":{"name":"(anonymous_4)","decl":{"start":{"line":35,"column":48},"end":{"line":35,"column":49}},"loc":{"start":{"line":35,"column":66},"end":{"line":64,"column":3}},"line":35},"5":{"name":"(anonymous_5)","decl":{"start":{"line":38,"column":37},"end":{"line":38,"column":38}},"loc":{"start":{"line":38,"column":48},"end":{"line":43,"column":9}},"line":38},"6":{"name":"(anonymous_6)","decl":{"start":{"line":44,"column":14},"end":{"line":44,"column":15}},"loc":{"start":{"line":44,"column":26},"end":{"line":62,"column":9}},"line":44},"7":{"name":"(anonymous_7)","decl":{"start":{"line":68,"column":46},"end":{"line":68,"column":47}},"loc":{"start":{"line":68,"column":64},"end":{"line":89,"column":3}},"line":68},"8":{"name":"(anonymous_8)","decl":{"start":{"line":71,"column":35},"end":{"line":71,"column":36}},"loc":{"start":{"line":71,"column":46},"end":{"line":78,"column":9}},"line":71},"9":{"name":"(anonymous_9)","decl":{"start":{"line":79,"column":14},"end":{"line":79,"column":15}},"loc":{"start":{"line":79,"column":26},"end":{"line":81,"column":9}},"line":79},"10":{"name":"(anonymous_10)","decl":{"start":{"line":90,"column":41},"end":{"line":90,"column":42}},"loc":{"start":{"line":90,"column":59},"end":{"line":110,"column":3}},"line":90},"11":{"name":"(anonymous_11)","decl":{"start":{"line":93,"column":30},"end":{"line":93,"column":31}},"loc":{"start":{"line":93,"column":41},"end":{"line":99,"column":9}},"line":93},"12":{"name":"(anonymous_12)","decl":{"start":{"line":100,"column":14},"end":{"line":100,"column":15}},"loc":{"start":{"line":100,"column":26},"end":{"line":108,"column":9}},"line":100}},"branchMap":{"0":{"loc":{"start":{"line":7,"column":14},"end":{"line":9,"column":54}},"type":"cond-expr","locations":[{"start":{"line":8,"column":6},"end":{"line":8,"column":38}},{"start":{"line":9,"column":6},"end":{"line":9,"column":54}}],"line":7},"1":{"loc":{"start":{"line":14,"column":4},"end":{"line":26,"column":5}},"type":"if","locations":[{"start":{"line":14,"column":4},"end":{"line":26,"column":5}},{"start":{"line":14,"column":4},"end":{"line":26,"column":5}}],"line":14},"2":{"loc":{"start":{"line":36,"column":4},"end":{"line":63,"column":5}},"type":"if","locations":[{"start":{"line":36,"column":4},"end":{"line":63,"column":5}},{"start":{"line":36,"column":4},"end":{"line":63,"column":5}}],"line":36},"3":{"loc":{"start":{"line":69,"column":4},"end":{"line":88,"column":5}},"type":"if","locations":[{"start":{"line":69,"column":4},"end":{"line":88,"column":5}},{"start":{"line":69,"column":4},"end":{"line":88,"column":5}}],"line":69},"4":{"loc":{"start":{"line":91,"column":4},"end":{"line":109,"column":5}},"type":"if","locations":[{"start":{"line":91,"column":4},"end":{"line":109,"column":5}},{"start":{"line":91,"column":4},"end":{"line":109,"column":5}}],"line":91}},"s":{"0":1,"1":1,"2":1,"3":1,"4":0,"5":0,"6":0,"7":0,"8":0,"9":0,"10":0,"11":1,"12":1,"13":0,"14":0,"15":0,"16":0,"17":0,"18":0,"19":0,"20":0,"21":0,"22":1,"23":1,"24":0,"25":0,"26":0,"27":0,"28":0,"29":0,"30":0,"31":0,"32":1,"33":1,"34":0,"35":0,"36":0,"37":0,"38":0,"39":0,"40":0,"41":0,"42":0,"43":0,"44":0,"45":1,"46":1},"f":{"0":1,"1":1,"2":0,"3":0,"4":1,"5":0,"6":0,"7":1,"8":0,"9":0,"10":1,"11":0,"12":0},"b":{"0":[0,1],"1":[0,1],"2":[0,1],"3":[0,1],"4":[0,1]},"_coverageSchema":"1a1c01bbd47fc00a2c39e90264f33305004495a9","hash":"9b9dd968f9e72fed99884fc58ecd6e374f9a7276"}
,"/Users/jorgeguevara_16/Development/Ehb/Dev5/Taak/emotionlogger/api/src/utils/helpers.js": {"path":"/Users/jorgeguevara_16/Development/Ehb/Dev5/Taak/emotionlogger/api/src/utils/helpers.js","statementMap":{"0":{"start":{"line":1,"column":23},"end":{"line":1,"column":38}},"1":{"start":{"line":3,"column":16},"end":{"line":24,"column":1}},"2":{"start":{"line":5,"column":17},"end":{"line":5,"column":25}},"3":{"start":{"line":6,"column":4},"end":{"line":6,"column":16}},"4":{"start":{"line":18,"column":4},"end":{"line":22,"column":5}},"5":{"start":{"line":19,"column":6},"end":{"line":19,"column":15}},"6":{"start":{"line":21,"column":6},"end":{"line":21,"column":12}},"7":{"start":{"line":26,"column":0},"end":{"line":26,"column":25}}},"fnMap":{"0":{"name":"(anonymous_0)","decl":{"start":{"line":4,"column":16},"end":{"line":4,"column":17}},"loc":{"start":{"line":4,"column":22},"end":{"line":7,"column":3}},"line":4},"1":{"name":"(anonymous_1)","decl":{"start":{"line":17,"column":17},"end":{"line":17,"column":18}},"loc":{"start":{"line":17,"column":24},"end":{"line":23,"column":3}},"line":17}},"branchMap":{"0":{"loc":{"start":{"line":18,"column":4},"end":{"line":22,"column":5}},"type":"if","locations":[{"start":{"line":18,"column":4},"end":{"line":22,"column":5}},{"start":{"line":18,"column":4},"end":{"line":22,"column":5}}],"line":18},"1":{"loc":{"start":{"line":18,"column":8},"end":{"line":18,"column":47}},"type":"binary-expr","locations":[{"start":{"line":18,"column":8},"end":{"line":18,"column":22}},{"start":{"line":18,"column":26},"end":{"line":18,"column":47}}],"line":18}},"s":{"0":2,"1":2,"2":1,"3":1,"4":3,"5":2,"6":1,"7":2},"f":{"0":1,"1":3},"b":{"0":[2,1],"1":[3,2]},"_coverageSchema":"1a1c01bbd47fc00a2c39e90264f33305004495a9","hash":"20d6762db1e9315017330894375c16e5a937d4ef"}
}
