TN:
SF:src/server.js
FN:21,(anonymous_0)
FN:28,(anonymous_1)
FN:38,(anonymous_2)
FN:47,(anonymous_3)
FN:55,(anonymous_4)
FN:65,(anonymous_5)
FN:72,(anonymous_6)
FN:79,(anonymous_7)
FN:86,(anonymous_8)
FNF:9
FNH:5
FNDA:2,(anonymous_0)
FNDA:2,(anonymous_1)
FNDA:3,(anonymous_2)
FNDA:2,(anonymous_3)
FNDA:1,(anonymous_4)
FNDA:0,(anonymous_5)
FNDA:0,(anonymous_6)
FNDA:0,(anonymous_7)
FNDA:0,(anonymous_8)
DA:1,1
DA:2,1
DA:3,1
DA:4,1
DA:6,1
DA:8,1
DA:10,1
DA:11,1
DA:13,1
DA:14,1
DA:21,1
DA:22,2
DA:23,1
DA:25,2
DA:28,1
DA:29,2
DA:32,1
DA:34,2
DA:38,1
DA:39,3
DA:42,3
DA:47,1
DA:48,2
DA:49,1
DA:51,1
DA:56,1
DA:59,1
DA:61,1
DA:65,1
DA:66,0
DA:67,0
DA:72,1
DA:73,0
DA:75,0
DA:80,0
DA:83,0
DA:86,1
DA:87,0
DA:91,0
DA:96,1
LF:40
LH:32
BRDA:22,0,0,1
BRDA:22,0,1,1
BRDA:29,1,0,1
BRDA:29,1,1,1
BRDA:48,2,0,1
BRDA:48,2,1,1
BRF:6
BRH:6
end_of_record
TN:
SF:src/utils/DatabaseHelper.js
FN:10,initialiseTables
FN:11,(anonymous_1)
FN:14,(anonymous_2)
FN:22,(anonymous_3)
FN:33,(anonymous_4)
FN:36,(anonymous_5)
FN:43,(anonymous_6)
FNF:7
FNH:3
FNDA:1,initialiseTables
FNDA:1,(anonymous_1)
FNDA:0,(anonymous_2)
FNDA:0,(anonymous_3)
FNDA:1,(anonymous_4)
FNDA:0,(anonymous_5)
FNDA:0,(anonymous_6)
DA:1,1
DA:11,1
DA:12,1
DA:13,0
DA:15,0
DA:16,0
DA:17,0
DA:18,0
DA:19,0
DA:20,0
DA:23,0
DA:33,1
DA:34,1
DA:35,0
DA:37,0
DA:38,0
DA:39,0
DA:40,0
DA:41,0
DA:44,0
DA:45,0
DA:46,0
DA:47,0
DA:55,1
DA:57,1
LF:25
LH:7
BRDA:5,0,0,0
BRDA:5,0,1,1
BRDA:12,1,0,0
BRDA:12,1,1,1
BRDA:34,2,0,0
BRDA:34,2,1,1
BRF:6
BRH:3
end_of_record
TN:
SF:src/utils/helpers.js
FN:4,(anonymous_0)
FN:17,(anonymous_1)
FNF:2
FNH:2
FNDA:1,(anonymous_0)
FNDA:3,(anonymous_1)
DA:1,2
DA:3,2
DA:5,1
DA:6,1
DA:18,3
DA:19,2
DA:21,1
DA:26,2
LF:8
LH:8
BRDA:18,0,0,2
BRDA:18,0,1,1
BRDA:18,1,0,3
BRDA:18,1,1,2
BRF:4
BRH:4
end_of_record
