TN:
SF:src/server.js
FN:21,(anonymous_0)
FN:28,(anonymous_1)
FN:38,(anonymous_2)
FN:47,(anonymous_3)
FN:55,(anonymous_4)
FN:66,(anonymous_5)
FN:78,(anonymous_6)
FN:84,(anonymous_7)
FN:92,(anonymous_8)
FN:107,(anonymous_9)
FN:114,(anonymous_10)
FN:121,(anonymous_11)
FN:142,(anonymous_12)
FNF:13
FNH:5
FNDA:2,(anonymous_0)
FNDA:2,(anonymous_1)
FNDA:3,(anonymous_2)
FNDA:2,(anonymous_3)
FNDA:1,(anonymous_4)
FNDA:0,(anonymous_5)
FNDA:0,(anonymous_6)
FNDA:0,(anonymous_7)
FNDA:0,(anonymous_8)
FNDA:0,(anonymous_9)
FNDA:0,(anonymous_10)
FNDA:0,(anonymous_11)
FNDA:0,(anonymous_12)
DA:1,1
DA:2,1
DA:3,1
DA:4,1
DA:6,1
DA:8,1
DA:10,1
DA:11,1
DA:13,1
DA:14,1
DA:21,1
DA:22,2
DA:23,1
DA:25,2
DA:28,1
DA:29,2
DA:32,1
DA:34,2
DA:38,1
DA:39,3
DA:42,3
DA:47,1
DA:48,2
DA:49,1
DA:51,1
DA:56,1
DA:58,1
DA:59,1
DA:61,1
DA:66,1
DA:67,0
DA:70,0
DA:78,1
DA:79,0
DA:80,0
DA:85,0
DA:88,0
DA:92,1
DA:93,0
DA:94,0
DA:108,0
DA:111,0
DA:114,1
DA:115,0
DA:117,0
DA:122,0
DA:125,0
DA:142,1
DA:143,0
DA:147,0
DA:152,1
LF:51
LH:35
BRDA:22,0,0,1
BRDA:22,0,1,1
BRDA:29,1,0,1
BRDA:29,1,1,1
BRDA:48,2,0,1
BRDA:48,2,1,1
BRF:6
BRH:6
end_of_record
TN:
SF:src/utils/DatabaseHelper.js
FN:12,initialiseTables
FN:13,(anonymous_1)
FN:16,(anonymous_2)
FN:23,(anonymous_3)
FN:35,(anonymous_4)
FN:38,(anonymous_5)
FN:44,(anonymous_6)
FN:68,(anonymous_7)
FN:71,(anonymous_8)
FN:79,(anonymous_9)
FN:90,(anonymous_10)
FN:93,(anonymous_11)
FN:100,(anonymous_12)
FNF:13
FNH:5
FNDA:1,initialiseTables
FNDA:1,(anonymous_1)
FNDA:0,(anonymous_2)
FNDA:0,(anonymous_3)
FNDA:1,(anonymous_4)
FNDA:0,(anonymous_5)
FNDA:0,(anonymous_6)
FNDA:1,(anonymous_7)
FNDA:0,(anonymous_8)
FNDA:0,(anonymous_9)
FNDA:1,(anonymous_10)
FNDA:0,(anonymous_11)
FNDA:0,(anonymous_12)
DA:1,1
DA:3,1
DA:13,1
DA:14,1
DA:15,0
DA:17,0
DA:18,0
DA:19,0
DA:20,0
DA:21,0
DA:24,0
DA:35,1
DA:36,1
DA:37,0
DA:39,0
DA:40,0
DA:41,0
DA:42,0
DA:45,0
DA:46,0
DA:47,0
DA:49,0
DA:68,1
DA:69,1
DA:70,0
DA:72,0
DA:73,0
DA:74,0
DA:75,0
DA:76,0
DA:77,0
DA:80,0
DA:90,1
DA:91,1
DA:92,0
DA:94,0
DA:95,0
DA:96,0
DA:97,0
DA:98,0
DA:101,0
DA:102,0
DA:103,0
DA:104,0
DA:112,1
DA:114,1
LF:46
LH:12
BRDA:7,0,0,0
BRDA:7,0,1,1
BRDA:14,1,0,0
BRDA:14,1,1,1
BRDA:36,2,0,0
BRDA:36,2,1,1
BRDA:69,3,0,0
BRDA:69,3,1,1
BRDA:91,4,0,0
BRDA:91,4,1,1
BRF:10
BRH:5
end_of_record
TN:
SF:src/utils/helpers.js
FN:4,(anonymous_0)
FN:17,(anonymous_1)
FNF:2
FNH:2
FNDA:1,(anonymous_0)
FNDA:3,(anonymous_1)
DA:1,2
DA:3,2
DA:5,1
DA:6,1
DA:18,3
DA:19,2
DA:21,1
DA:26,2
LF:8
LH:8
BRDA:18,0,0,2
BRDA:18,0,1,1
BRDA:18,1,0,3
BRDA:18,1,1,2
BRF:4
BRH:4
end_of_record
